<?xml version="1.0" encoding="UTF-8"?>
<!-- Generated by org.testng.reporters.JUnitReportReporter -->
<testsuite hostname="DESKTOP-571IDC" failures="0" tests="6" name="Pharmeasy" time="16.030" errors="0" timestamp="2023-11-28T23:11:49 IST" skipped="0">
  <testcase classname="Pharmeasy" name="LabTestsTest" time="5.759"/>
  <testcase classname="Pharmeasy" name="SetLocationTest" time="4.547"/>
  <testcase classname="Pharmeasy" name="searchTest" time="0.615"/>
  <testcase classname="Pharmeasy" name="SelectTest" time="0.601"/>
  <testcase classname="Pharmeasy" name="ViewCartTest" time="4.211"/>
  <testcase classname="Pharmeasy" name="ProceedTest" time="0.297"/>
</testsuite> <!-- Pharmeasy -->
