<?xml version="1.0" encoding="UTF-8"?>
<!-- Generated by org.testng.reporters.JUnitReportReporter -->
<testsuite hostname="DESKTOP-571IDC" failures="0" tests="6" name="PharmeasyPOTest2" time="16.968" errors="0" timestamp="2023-11-29T00:02:18 IST" skipped="0">
  <testcase classname="PharmeasyPOTest2" name="LabTestsTest" time="5.579"/>
  <testcase classname="PharmeasyPOTest2" name="SetLocationTest" time="4.602"/>
  <testcase classname="PharmeasyPOTest2" name="searchTest" time="2.786"/>
  <testcase classname="PharmeasyPOTest2" name="SelectTest" time="0.831"/>
  <testcase classname="PharmeasyPOTest2" name="ViewCartTest" time="2.908"/>
  <testcase classname="PharmeasyPOTest2" name="ProceedTest" time="0.262"/>
</testsuite> <!-- PharmeasyPOTest2 -->
