<?xml version="1.0" encoding="UTF-8"?>
<!-- Generated by org.testng.reporters.JUnitReportReporter -->
<testsuite hostname="DESKTOP-571IDC" failures="0" tests="6" name="POModelPharmeasyTest" time="18.033" errors="0" timestamp="2023-11-29T00:11:42 IST" skipped="0">
  <testcase classname="POModelPharmeasyTest" name="LabTestsTest" time="3.020"/>
  <testcase classname="POModelPharmeasyTest" name="SetLocationTest" time="4.617"/>
  <testcase classname="POModelPharmeasyTest" name="searchTest" time="2.626"/>
  <testcase classname="POModelPharmeasyTest" name="SelectTest" time="4.570"/>
  <testcase classname="POModelPharmeasyTest" name="ViewCartTest" time="2.937"/>
  <testcase classname="POModelPharmeasyTest" name="ProceedTest" time="0.263"/>
</testsuite> <!-- POModelPharmeasyTest -->
