<?xml version="1.0" encoding="UTF-8"?>
<!-- Generated by org.testng.reporters.JUnitReportReporter -->
<testsuite hostname="DESKTOP-571IDC" failures="0" tests="6" name="testcases.PharmeasyTest" time="15.123" errors="0" timestamp="2023-11-30T13:54:37 IST" skipped="0">
  <testcase classname="testcases.PharmeasyTest" name="LabTestsTest" time="6.066"/>
  <testcase classname="testcases.PharmeasyTest" name="SetLocationTest" time="4.460"/>
  <testcase classname="testcases.PharmeasyTest" name="searchTest" time="0.474"/>
  <testcase classname="testcases.PharmeasyTest" name="SelectTest" time="1.622"/>
  <testcase classname="testcases.PharmeasyTest" name="ViewCartTest" time="2.309"/>
  <testcase classname="testcases.PharmeasyTest" name="ProceedTest" time="0.192"/>
</testsuite> <!-- testcases.PharmeasyTest -->
